{"C:\\Users\\USER\\OneDrive\\Desktop\\microverse projects\\Testing-practice\\calculator.js": {"path":"C:\\Users\\USER\\OneDrive\\Desktop\\microverse projects\\Testing-practice\\calculator.js","statementMap":{"0":{"start":{"line":1,"column":19},"end":{"line":14,"column":1}},"1":{"start":{"line":3,"column":4},"end":{"line":3,"column":17}},"2":{"start":{"line":6,"column":4},"end":{"line":6,"column":17}},"3":{"start":{"line":9,"column":4},"end":{"line":9,"column":17}},"4":{"start":{"line":12,"column":4},"end":{"line":12,"column":33}}},"fnMap":{"0":{"name":"(anonymous_0)","decl":{"start":{"line":2,"column":7},"end":{"line":2,"column":8}},"loc":{"start":{"line":2,"column":17},"end":{"line":4,"column":3}},"line":2},"1":{"name":"(anonymous_1)","decl":{"start":{"line":5,"column":13},"end":{"line":5,"column":14}},"loc":{"start":{"line":5,"column":23},"end":{"line":7,"column":3}},"line":5},"2":{"name":"(anonymous_2)","decl":{"start":{"line":8,"column":12},"end":{"line":8,"column":13}},"loc":{"start":{"line":8,"column":22},"end":{"line":10,"column":3}},"line":8},"3":{"name":"(anonymous_3)","decl":{"start":{"line":11,"column":10},"end":{"line":11,"column":11}},"loc":{"start":{"line":11,"column":20},"end":{"line":13,"column":3}},"line":11}},"branchMap":{"0":{"loc":{"start":{"line":12,"column":11},"end":{"line":12,"column":32}},"type":"cond-expr","locations":[{"start":{"line":12,"column":20},"end":{"line":12,"column":24}},{"start":{"line":12,"column":27},"end":{"line":12,"column":32}}],"line":12}},"s":{"0":1,"1":4,"2":4,"3":3,"4":3},"f":{"0":4,"1":4,"2":3,"3":3},"b":{"0":[1,2]},"_coverageSchema":"1a1c01bbd47fc00a2c39e90264f33305004495a9","hash":"13cabd8c3e72119bc464cee83c08688825399d67"}
,"C:\\Users\\USER\\OneDrive\\Desktop\\microverse projects\\Testing-practice\\string.js": {"path":"C:\\Users\\USER\\OneDrive\\Desktop\\microverse projects\\Testing-practice\\string.js","statementMap":{"0":{"start":{"line":1,"column":28},"end":{"line":1,"column":53}},"1":{"start":{"line":1,"column":40},"end":{"line":1,"column":53}},"2":{"start":{"line":3,"column":33},"end":{"line":4,"column":41}},"3":{"start":{"line":4,"column":2},"end":{"line":4,"column":41}},"4":{"start":{"line":6,"column":29},"end":{"line":6,"column":76}},"5":{"start":{"line":6,"column":41},"end":{"line":6,"column":76}},"6":{"start":{"line":8,"column":26},"end":{"line":8,"column":86}},"7":{"start":{"line":8,"column":38},"end":{"line":8,"column":86}}},"fnMap":{"0":{"name":"(anonymous_0)","decl":{"start":{"line":1,"column":28},"end":{"line":1,"column":29}},"loc":{"start":{"line":1,"column":40},"end":{"line":1,"column":53}},"line":1},"1":{"name":"(anonymous_1)","decl":{"start":{"line":3,"column":33},"end":{"line":3,"column":34}},"loc":{"start":{"line":4,"column":2},"end":{"line":4,"column":41}},"line":4},"2":{"name":"(anonymous_2)","decl":{"start":{"line":6,"column":29},"end":{"line":6,"column":30}},"loc":{"start":{"line":6,"column":41},"end":{"line":6,"column":76}},"line":6},"3":{"name":"(anonymous_3)","decl":{"start":{"line":8,"column":26},"end":{"line":8,"column":27}},"loc":{"start":{"line":8,"column":38},"end":{"line":8,"column":86}},"line":8}},"branchMap":{"0":{"loc":{"start":{"line":4,"column":2},"end":{"line":4,"column":41}},"type":"binary-expr","locations":[{"start":{"line":4,"column":2},"end":{"line":4,"column":19}},{"start":{"line":4,"column":23},"end":{"line":4,"column":41}}],"line":4}},"s":{"0":1,"1":2,"2":1,"3":2,"4":1,"5":2,"6":1,"7":1},"f":{"0":2,"1":2,"2":2,"3":1},"b":{"0":[2,2]},"_coverageSchema":"1a1c01bbd47fc00a2c39e90264f33305004495a9","hash":"e253ad1d199223ae8f18ace721ac67c9b6a4722d"}
}
